Log file open, 09/14/20 20:12:36
LogInit: Display: Running engine for game: Create_System
LogPlatformFile: Not using cached read wrapper
LogTaskGraph: Started task graph with 5 named threads and 11 total threads with 3 sets of task threads.
LogStats: Stats thread started at 0.596089
LogD3D11RHI: Loaded GFSDK_Aftermath_Lib.x64.dll
LogICUInternationalization: ICU TimeZone Detection - Raw Offset: +7:00, Platform Override: ''
LogPluginManager: Mounting plugin Paper2D
LogPluginManager: Mounting plugin AISupport
LogPluginManager: Mounting plugin LightPropagationVolume
LogPluginManager: Mounting plugin CameraShakePreviewer
LogPluginManager: Mounting plugin ActorLayerUtilities
LogPluginManager: Mounting plugin AnimationSharing
LogPluginManager: Mounting plugin CLionSourceCodeAccess
LogPluginManager: Mounting plugin CodeLiteSourceCodeAccess
LogPluginManager: Mounting plugin GitSourceControl
LogPluginManager: Mounting plugin KDevelopSourceCodeAccess
LogPluginManager: Mounting plugin NullSourceCodeAccess
LogPluginManager: Mounting plugin PerforceSourceControl
LogPluginManager: Mounting plugin PlasticSourceControl
LogPluginManager: Mounting plugin RiderSourceCodeAccess
LogPluginManager: Mounting plugin SubversionSourceControl
LogPluginManager: Mounting plugin UObjectPlugin
LogPluginManager: Mounting plugin VisualStudioCodeSourceCodeAccess
LogPluginManager: Mounting plugin VisualStudioSourceCodeAccess
LogPluginManager: Mounting plugin XCodeSourceCodeAccess
LogPluginManager: Mounting plugin AssetManagerEditor
LogPluginManager: Mounting plugin CryptoKeys
LogPluginManager: Mounting plugin CurveEditorTools
LogPluginManager: Mounting plugin DataValidation
LogPluginManager: Mounting plugin EditorScriptingUtilities
LogPluginManager: Mounting plugin FacialAnimation
LogPluginManager: Mounting plugin GameplayTagsEditor
LogPluginManager: Mounting plugin GeometryMode
LogPluginManager: Mounting plugin MacGraphicsSwitching
LogPluginManager: Mounting plugin MaterialAnalyzer
LogPluginManager: Mounting plugin MobileLauncherProfileWizard
LogPluginManager: Mounting plugin PluginBrowser
LogPluginManager: Mounting plugin SpeedTreeImporter
LogPluginManager: Mounting plugin DatasmithContent
LogPluginManager: Mounting plugin VariantManagerContent
LogPluginManager: Mounting plugin AlembicImporter
LogPluginManager: Mounting plugin AutomationUtils
LogPluginManager: Mounting plugin BackChannel
LogPluginManager: Mounting plugin ChaosCloth
LogPluginManager: Mounting plugin ChaosClothEditor
LogPluginManager: Mounting plugin ChaosEditor
LogPluginManager: Mounting plugin ChaosNiagara
LogPluginManager: Mounting plugin ChaosSolverPlugin
LogPluginManager: Mounting plugin CharacterAI
LogPluginManager: Mounting plugin GeometryCache
LogPluginManager: Mounting plugin GeometryCollectionPlugin
LogPluginManager: Mounting plugin GeometryProcessing
LogPluginManager: Mounting plugin PlanarCut
LogPluginManager: Mounting plugin PlatformCrypto
LogPluginManager: Mounting plugin ProxyLODPlugin
LogPluginManager: Mounting plugin SkeletalReduction
LogPluginManager: Mounting plugin Niagara
LogPluginManager: Mounting plugin MagicLeap
LogPluginManager: Mounting plugin MagicLeapLightEstimation
LogPluginManager: Mounting plugin MagicLeapMedia
LogPluginManager: Mounting plugin MagicLeapPassableWorld
LogPluginManager: Mounting plugin MLSDK
LogPluginManager: Mounting plugin AndroidMedia
LogPluginManager: Mounting plugin AvfMedia
LogPluginManager: Mounting plugin ImgMedia
LogPluginManager: Mounting plugin MediaCompositing
LogPluginManager: Mounting plugin MediaPlayerEditor
LogPluginManager: Mounting plugin WebMMedia
LogPluginManager: Mounting plugin WmfMedia
LogPluginManager: Mounting plugin MeshPainting
LogPluginManager: Mounting plugin TcpMessaging
LogPluginManager: Mounting plugin UdpMessaging
LogPluginManager: Mounting plugin ActorSequence
LogPluginManager: Mounting plugin LevelSequenceEditor
LogPluginManager: Mounting plugin MatineeToLevelSequence
LogPluginManager: Mounting plugin MovieRenderPipeline
LogPluginManager: Mounting plugin TemplateSequence
LogPluginManager: Mounting plugin NetcodeUnitTest
LogPluginManager: Mounting plugin NUTUnrealEngine4
LogPluginManager: Mounting plugin OnlineSubsystemGooglePlay
LogPluginManager: Mounting plugin OnlineSubsystemIOS
LogPluginManager: Mounting plugin OnlineSubsystem
LogPluginManager: Mounting plugin OnlineSubsystemNull
LogPluginManager: Mounting plugin OnlineSubsystemUtils
LogPluginManager: Mounting plugin LauncherChunkInstaller
LogPluginManager: Mounting plugin AndroidDeviceProfileSelector
LogPluginManager: Mounting plugin AndroidMoviePlayer
LogPluginManager: Mounting plugin AndroidPermission
LogPluginManager: Mounting plugin AppleImageUtils
LogPluginManager: Mounting plugin AppleMoviePlayer
LogPluginManager: Mounting plugin ArchVisCharacter
LogPluginManager: Mounting plugin AssetTags
LogPluginManager: Mounting plugin AudioCapture
LogPluginManager: Mounting plugin CableComponent
LogPluginManager: Mounting plugin CustomMeshComponent
LogPluginManager: Mounting plugin EditableMesh
LogPluginManager: Mounting plugin ExampleDeviceProfileSelector
LogPluginManager: Mounting plugin GoogleCloudMessaging
LogPluginManager: Mounting plugin GooglePAD
LogPluginManager: Mounting plugin IOSDeviceProfileSelector
LogPluginManager: Mounting plugin LinuxDeviceProfileSelector
LogPluginManager: Mounting plugin LocationServicesBPLibrary
LogPluginManager: Mounting plugin MobilePatchingUtils
LogPluginManager: Mounting plugin OculusVR
LogPluginManager: Mounting plugin PhysXVehicles
LogPluginManager: Mounting plugin PostSplashScreen
LogPluginManager: Mounting plugin ProceduralMeshComponent
LogPluginManager: Mounting plugin RuntimePhysXCooking
LogPluginManager: Mounting plugin SignificanceManager
LogPluginManager: Mounting plugin SoundFields
LogPluginManager: Mounting plugin SteamVR
LogPluginManager: Mounting plugin Synthesis
LogPluginManager: Mounting plugin WebMMoviePlayer
LogPluginManager: Mounting plugin WindowsMoviePlayer
LogPluginManager: Mounting plugin ScreenshotTools
LogInit: Using libcurl 7.55.1-DEV
LogInit:  - built for x86_64-pc-win32
LogInit:  - supports SSL with OpenSSL/1.1.1
LogInit:  - supports HTTP deflate (compression) using libz 1.2.8
LogInit:  - other features:
LogInit:      CURL_VERSION_SSL
LogInit:      CURL_VERSION_LIBZ
LogInit:      CURL_VERSION_IPV6
LogInit:      CURL_VERSION_ASYNCHDNS
LogInit:      CURL_VERSION_LARGEFILE
LogInit:      CURL_VERSION_IDN
LogInit:  CurlRequestOptions (configurable via config and command line):
LogInit:  - bVerifyPeer = true  - Libcurl will verify peer certificate
LogInit:  - bUseHttpProxy = false  - Libcurl will NOT use HTTP proxy
LogInit:  - bDontReuseConnections = false  - Libcurl will reuse connections
LogInit:  - MaxHostConnections = 16  - Libcurl will limit the number of connections to a host
LogInit:  - LocalHostAddr = Default
LogInit:  - BufferSize = 65536
LogOnline: OSS: Creating online subsystem instance for: NULL
LogInit: WinSock: version 1.1 (2.2), MaxSocks=32767, MaxUdp=65467
LogOnline: OSS: TryLoadSubsystemAndSetDefault: Loaded subsystem for module [NULL]
LogInit: Build: ++UE4+Release-4.25-CL-13942748
LogInit: Engine Version: 4.25.3-13942748+++UE4+Release-4.25
LogInit: Compatible Engine Version: 4.25.0-13144385+++UE4+Release-4.25
LogInit: Net CL: 13144385
LogInit: OS: Windows 10 (Release 1909) (), CPU:        Intel(R) Core(TM) i5-3230M CPU @ 2.60GHz, GPU: Intel(R) HD Graphics 4000
LogInit: Compiled (64-bit): Jul 25 2020 02:07:48
LogInit: Compiled with Visual C++: 19.24.28315.00
LogInit: Build Configuration: Development
LogInit: Branch Name: ++UE4+Release-4.25
LogInit: Command Line:  /Game/ThirdPersonBP/Maps/ThirdPersonExampleMap -game -PIEVIACONSOLE -Multiprocess "GameUserSettingsINI=C:/Users/อาสาฬ รอดนวน/Documents/Unreal Projects/Create_System/Saved/Config/Windows/PIEGameUserSettings0.ini" -MultiprocessSaveConfig -MultiprocessOSS -messaging -SessionName="Play in Standalone Game" -windowed -ResX=1280 -ResY=720
LogInit: Base Directory: C:/Program Files/Epic Games/UE_4.25/Engine/Binaries/Win64/
LogInit: Allocator: TBB
LogInit: Installed Engine Build: 1
LogDevObjectVersion: Number of dev versions registered: 26
LogDevObjectVersion:   Dev-Blueprints (B0D832E4-1F89-4F0D-ACCF-7EB736FD4AA2): 10
LogDevObjectVersion:   Dev-Build (E1C64328-A22C-4D53-A36C-8E866417BD8C): 0
LogDevObjectVersion:   Dev-Core (375EC13C-06E4-48FB-B500-84F0262A717E): 4
LogDevObjectVersion:   Dev-Editor (E4B068ED-F494-42E9-A231-DA0B2E46BB41): 38
LogDevObjectVersion:   Dev-Framework (CFFC743F-43B0-4480-9391-14DF171D2073): 37
LogDevObjectVersion:   Dev-Mobile (B02B49B5-BB20-44E9-A304-32B752E40360): 2
LogDevObjectVersion:   Dev-Networking (A4E4105C-59A1-49B5-A7C5-40C4547EDFEE): 0
LogDevObjectVersion:   Dev-Online (39C831C9-5AE6-47DC-9A44-9C173E1C8E7C): 0
LogDevObjectVersion:   Dev-Physics (78F01B33-EBEA-4F98-B9B4-84EACCB95AA2): 4
LogDevObjectVersion:   Dev-Platform (6631380F-2D4D-43E0-8009-CF276956A95A): 0
LogDevObjectVersion:   Dev-Rendering (12F88B9F-8875-4AFC-A67C-D90C383ABD29): 43
LogDevObjectVersion:   Dev-Sequencer (7B5AE74C-D270-4C10-A958-57980B212A5A): 12
LogDevObjectVersion:   Dev-VR (D7296918-1DD6-4BDD-9DE2-64A83CC13884): 3
LogDevObjectVersion:   Dev-LoadTimes (C2A15278-BFE7-4AFE-6C17-90FF531DF755): 1
LogDevObjectVersion:   Private-Geometry (6EACA3D4-40EC-4CC1-B786-8BED09428FC5): 3
LogDevObjectVersion:   Dev-AnimPhys (29E575DD-E0A3-4627-9D10-D276232CDCEA): 17
LogDevObjectVersion:   Dev-Anim (AF43A65D-7FD3-4947-9873-3E8ED9C1BB05): 7
LogDevObjectVersion:   Dev-ReflectionCapture (6B266CEC-1EC7-4B8F-A30B-E4D90942FC07): 1
LogDevObjectVersion:   Dev-Automation (0DF73D61-A23F-47EA-B727-89E90C41499A): 1
LogDevObjectVersion:   FortniteMain (601D1886-AC64-4F84-AA16-D3DE0DEAC7D6): 31
LogDevObjectVersion:   Dev-Enterprise (9DFFBCD6-494F-0158-E221-12823C92A888): 10
LogDevObjectVersion:   Dev-Niagara (F2AED0AC-9AFE-416F-8664-AA7FFA26D6FC): 1
LogDevObjectVersion:   Dev-Destruction (174F1F0B-B4C6-45A5-B13F-2EE8D0FB917D): 10
LogDevObjectVersion:   Dev-Physics-Ext (35F94A83-E258-406C-A318-09F59610247C): 37
LogDevObjectVersion:   Dev-PhysicsMaterial-Chaos (B68FC16E-8B1B-42E2-B453-215C058844FE): 1
LogDevObjectVersion:   Dev-CineCamera (B2E18506-4273-CFC2-A54E-F4BB758BBA07): 1
LogInit: Presizing for max 25165824 objects, including 0 objects not considered by GC, pre-allocating 0 bytes for permanent pool.
LogConfig: Applying CVar settings from Section [/Script/Engine.StreamingSettings] File [C:/Users/อาสาฬ รอดนวน/Documents/Unreal Projects/Create_System/Saved/Config/Windows/Engine.ini]
LogConfig: Setting CVar [[s.MinBulkDataSizeForAsyncLoading:131072]]
LogConfig: Setting CVar [[s.AsyncLoadingThreadEnabled:0]]
LogConfig: Setting CVar [[s.EventDrivenLoaderEnabled:1]]
LogConfig: Setting CVar [[s.WarnIfTimeLimitExceeded:0]]
LogConfig: Setting CVar [[s.TimeLimitExceededMultiplier:1.5]]
LogConfig: Setting CVar [[s.TimeLimitExceededMinTime:0.005]]
LogConfig: Setting CVar [[s.UseBackgroundLevelStreaming:1]]
LogConfig: Setting CVar [[s.PriorityAsyncLoadingExtraTime:15.0]]
LogConfig: Setting CVar [[s.LevelStreamingActorsUpdateTimeLimit:5.0]]
LogConfig: Setting CVar [[s.PriorityLevelStreamingActorsUpdateExtraTime:5.0]]
LogConfig: Setting CVar [[s.LevelStreamingComponentsRegistrationGranularity:10]]
LogConfig: Setting CVar [[s.UnregisterComponentsTimeLimit:1.0]]
LogConfig: Setting CVar [[s.LevelStreamingComponentsUnregistrationGranularity:5]]
LogConfig: Setting CVar [[s.FlushStreamingOnExit:1]]
LogInit: Object subsystem initialized
LogConfig: Setting CVar [[con.DebugEarlyDefault:1]]
LogConfig: Setting CVar [[r.setres:1280x720]]
[2020.09.14-13.12.39:872][  0]LogConfig: Setting CVar [[con.DebugEarlyDefault:1]]
[2020.09.14-13.12.39:872][  0]LogConfig: Setting CVar [[r.setres:1280x720]]
[2020.09.14-13.12.39:872][  0]LogConfig: Applying CVar settings from Section [/Script/Engine.RendererSettings] File [C:/Users/อาสาฬ รอดนวน/Documents/Unreal Projects/Create_System/Saved/Config/Windows/Engine.ini]
[2020.09.14-13.12.39:872][  0]LogConfig: Setting CVar [[r.GPUCrashDebugging:0]]
[2020.09.14-13.12.39:872][  0]LogConfig: Applying CVar settings from Section [/Script/Engine.RendererOverrideSettings] File [C:/Users/อาสาฬ รอดนวน/Documents/Unreal Projects/Create_System/Saved/Config/Windows/Engine.ini]
[2020.09.14-13.12.39:872][  0]LogConfig: Applying CVar settings from Section [/Script/Engine.StreamingSettings] File [C:/Users/อาสาฬ รอดนวน/Documents/Unreal Projects/Create_System/Saved/Config/Windows/Engine.ini]
[2020.09.14-13.12.39:872][  0]LogConfig: Setting CVar [[s.MinBulkDataSizeForAsyncLoading:131072]]
[2020.09.14-13.12.39:872][  0]LogConfig: Setting CVar [[s.AsyncLoadingThreadEnabled:0]]
[2020.09.14-13.12.39:872][  0]LogConfig: Setting CVar [[s.EventDrivenLoaderEnabled:1]]
[2020.09.14-13.12.39:872][  0]LogConfig: Setting CVar [[s.WarnIfTimeLimitExceeded:0]]
[2020.09.14-13.12.39:872][  0]LogConfig: Setting CVar [[s.TimeLimitExceededMultiplier:1.5]]
[2020.09.14-13.12.39:872][  0]LogConfig: Setting CVar [[s.TimeLimitExceededMinTime:0.005]]
[2020.09.14-13.12.39:872][  0]LogConfig: Setting CVar [[s.UseBackgroundLevelStreaming:1]]
[2020.09.14-13.12.39:872][  0]LogConfig: Setting CVar [[s.PriorityAsyncLoadingExtraTime:15.0]]
[2020.09.14-13.12.39:872][  0]LogConfig: Setting CVar [[s.LevelStreamingActorsUpdateTimeLimit:5.0]]
[2020.09.14-13.12.39:872][  0]LogConfig: Setting CVar [[s.PriorityLevelStreamingActorsUpdateExtraTime:5.0]]
[2020.09.14-13.12.39:872][  0]LogConfig: Setting CVar [[s.LevelStreamingComponentsRegistrationGranularity:10]]
[2020.09.14-13.12.39:872][  0]LogConfig: Setting CVar [[s.UnregisterComponentsTimeLimit:1.0]]
[2020.09.14-13.12.39:873][  0]LogConfig: Setting CVar [[s.LevelStreamingComponentsUnregistrationGranularity:5]]
[2020.09.14-13.12.39:873][  0]LogConfig: Setting CVar [[s.FlushStreamingOnExit:1]]
[2020.09.14-13.12.39:873][  0]LogConfig: Applying CVar settings from Section [/Script/Engine.GarbageCollectionSettings] File [C:/Users/อาสาฬ รอดนวน/Documents/Unreal Projects/Create_System/Saved/Config/Windows/Engine.ini]
[2020.09.14-13.12.39:873][  0]LogConfig: Setting CVar [[gc.MaxObjectsNotConsideredByGC:1]]
[2020.09.14-13.12.39:873][  0]LogConfig: Setting CVar [[gc.SizeOfPermanentObjectPool:0]]
[2020.09.14-13.12.39:873][  0]LogConfig: Setting CVar [[gc.FlushStreamingOnGC:0]]
[2020.09.14-13.12.39:873][  0]LogConfig: Setting CVar [[gc.NumRetriesBeforeForcingGC:10]]
[2020.09.14-13.12.39:873][  0]LogConfig: Setting CVar [[gc.AllowParallelGC:1]]
[2020.09.14-13.12.39:873][  0]LogConfig: Setting CVar [[gc.TimeBetweenPurgingPendingKillObjects:61.1]]
[2020.09.14-13.12.39:873][  0]LogConfig: Setting CVar [[gc.MaxObjectsInEditor:25165824]]
[2020.09.14-13.12.39:873][  0]LogConfig: Setting CVar [[gc.IncrementalBeginDestroyEnabled:1]]
[2020.09.14-13.12.39:873][  0]LogConfig: Setting CVar [[gc.CreateGCClusters:1]]
[2020.09.14-13.12.39:873][  0]LogConfig: Setting CVar [[gc.MinGCClusterSize:5]]
[2020.09.14-13.12.39:873][  0]LogConfig: Setting CVar [[gc.ActorClusteringEnabled:0]]
[2020.09.14-13.12.39:873][  0]LogConfig: Setting CVar [[gc.BlueprintClusteringEnabled:0]]
[2020.09.14-13.12.39:873][  0]LogConfig: Setting CVar [[gc.UseDisregardForGCOnDedicatedServers:0]]
[2020.09.14-13.12.39:873][  0]LogConfig: Applying CVar settings from Section [/Script/Engine.NetworkSettings] File [C:/Users/อาสาฬ รอดนวน/Documents/Unreal Projects/Create_System/Saved/Config/Windows/Engine.ini]
[2020.09.14-13.12.39:873][  0]LogConfig: Applying CVar settings from Section [/Script/UnrealEd.CookerSettings] File [C:/Users/อาสาฬ รอดนวน/Documents/Unreal Projects/Create_System/Saved/Config/Windows/Engine.ini]
[2020.09.14-13.12.39:879][  0]LogConfig: Applying CVar settings from Section [ViewDistanceQuality@3] File [C:/Users/อาสาฬ รอดนวน/Documents/Unreal Projects/Create_System/Saved/Config/Windows/Scalability.ini]
[2020.09.14-13.12.39:879][  0]LogConfig: Setting CVar [[r.SkeletalMeshLODBias:0]]
[2020.09.14-13.12.39:879][  0]LogConfig: Setting CVar [[r.ViewDistanceScale:1.0]]
[2020.09.14-13.12.39:879][  0]LogConfig: Applying CVar settings from Section [AntiAliasingQuality@3] File [C:/Users/อาสาฬ รอดนวน/Documents/Unreal Projects/Create_System/Saved/Config/Windows/Scalability.ini]
[2020.09.14-13.12.39:879][  0]LogConfig: Setting CVar [[r.PostProcessAAQuality:4]]
[2020.09.14-13.12.39:879][  0]LogConfig: Applying CVar settings from Section [ShadowQuality@3] File [C:/Users/อาสาฬ รอดนวน/Documents/Unreal Projects/Create_System/Saved/Config/Windows/Scalability.ini]
[2020.09.14-13.12.39:879][  0]LogConfig: Setting CVar [[r.LightFunctionQuality:1]]
[2020.09.14-13.12.39:879][  0]LogConfig: Setting CVar [[r.ShadowQuality:5]]
[2020.09.14-13.12.39:879][  0]LogConfig: Setting CVar [[r.Shadow.CSM.MaxCascades:10]]
[2020.09.14-13.12.39:879][  0]LogConfig: Setting CVar [[r.Shadow.MaxResolution:2048]]
[2020.09.14-13.12.39:879][  0]LogConfig: Setting CVar [[r.Shadow.MaxCSMResolution:2048]]
[2020.09.14-13.12.39:879][  0]LogConfig: Setting CVar [[r.Shadow.RadiusThreshold:0.01]]
[2020.09.14-13.12.39:879][  0]LogConfig: Setting CVar [[r.Shadow.DistanceScale:1.0]]
[2020.09.14-13.12.39:879][  0]LogConfig: Setting CVar [[r.Shadow.CSM.TransitionScale:1.0]]
[2020.09.14-13.12.39:879][  0]LogConfig: Setting CVar [[r.Shadow.PreShadowResolutionFactor:1.0]]
[2020.09.14-13.12.39:879][  0]LogConfig: Setting CVar [[r.DistanceFieldShadowing:1]]
[2020.09.14-13.12.39:879][  0]LogConfig: Setting CVar [[r.DistanceFieldAO:1]]
[2020.09.14-13.12.39:879][  0]LogConfig: Setting CVar [[r.AOQuality:2]]
[2020.09.14-13.12.39:879][  0]LogConfig: Setting CVar [[r.VolumetricFog:1]]
[2020.09.14-13.12.39:879][  0]LogConfig: Setting CVar [[r.VolumetricFog.GridPixelSize:8]]
[2020.09.14-13.12.39:880][  0]LogConfig: Setting CVar [[r.VolumetricFog.GridSizeZ:128]]
[2020.09.14-13.12.39:880][  0]LogConfig: Setting CVar [[r.VolumetricFog.HistoryMissSupersampleCount:4]]
[2020.09.14-13.12.39:880][  0]LogConfig: Setting CVar [[r.LightMaxDrawDistanceScale:1]]
[2020.09.14-13.12.39:880][  0]LogConfig: Setting CVar [[r.CapsuleShadows:1]]
[2020.09.14-13.12.39:880][  0]LogConfig: Applying CVar settings from Section [PostProcessQuality@3] File [C:/Users/อาสาฬ รอดนวน/Documents/Unreal Projects/Create_System/Saved/Config/Windows/Scalability.ini]
[2020.09.14-13.12.39:880][  0]LogConfig: Setting CVar [[r.MotionBlurQuality:4]]
[2020.09.14-13.12.39:880][  0]LogConfig: Setting CVar [[r.AmbientOcclusionMipLevelFactor:0.4]]
[2020.09.14-13.12.39:880][  0]LogConfig: Setting CVar [[r.AmbientOcclusionMaxQuality:100]]
[2020.09.14-13.12.39:880][  0]LogConfig: Setting CVar [[r.AmbientOcclusionLevels:-1]]
[2020.09.14-13.12.39:880][  0]LogConfig: Setting CVar [[r.AmbientOcclusionRadiusScale:1.0]]
[2020.09.14-13.12.39:880][  0]LogConfig: Setting CVar [[r.DepthOfFieldQuality:2]]
[2020.09.14-13.12.39:880][  0]LogConfig: Setting CVar [[r.RenderTargetPoolMin:400]]
[2020.09.14-13.12.39:880][  0]LogConfig: Setting CVar [[r.LensFlareQuality:2]]
[2020.09.14-13.12.39:880][  0]LogConfig: Setting CVar [[r.SceneColorFringeQuality:1]]
[2020.09.14-13.12.39:880][  0]LogConfig: Setting CVar [[r.EyeAdaptationQuality:2]]
[2020.09.14-13.12.39:880][  0]LogConfig: Setting CVar [[r.BloomQuality:5]]
[2020.09.14-13.12.39:880][  0]LogConfig: Setting CVar [[r.FastBlurThreshold:100]]
[2020.09.14-13.12.39:880][  0]LogConfig: Setting CVar [[r.Upscale.Quality:3]]
[2020.09.14-13.12.39:880][  0]LogConfig: Setting CVar [[r.Tonemapper.GrainQuantization:1]]
[2020.09.14-13.12.39:880][  0]LogConfig: Setting CVar [[r.LightShaftQuality:1]]
[2020.09.14-13.12.39:880][  0]LogConfig: Setting CVar [[r.Filter.SizeScale:1]]
[2020.09.14-13.12.39:880][  0]LogConfig: Setting CVar [[r.Tonemapper.Quality:5]]
[2020.09.14-13.12.39:880][  0]LogConfig: Setting CVar [[r.DOF.Gather.AccumulatorQuality:1        ; higher gathering accumulator quality]]
[2020.09.14-13.12.39:880][  0]LogConfig: Setting CVar [[r.DOF.Gather.PostfilterMethod:1          ; Median3x3 postfilering method]]
[2020.09.14-13.12.39:880][  0]LogConfig: Setting CVar [[r.DOF.Gather.EnableBokehSettings:0       ; no bokeh simulation when gathering]]
[2020.09.14-13.12.39:880][  0]LogConfig: Setting CVar [[r.DOF.Gather.RingCount:4                 ; medium number of samples when gathering]]
[2020.09.14-13.12.39:880][  0]LogConfig: Setting CVar [[r.DOF.Scatter.ForegroundCompositing:1    ; additive foreground scattering]]
[2020.09.14-13.12.39:880][  0]LogConfig: Setting CVar [[r.DOF.Scatter.BackgroundCompositing:2    ; additive background scattering]]
[2020.09.14-13.12.39:880][  0]LogConfig: Setting CVar [[r.DOF.Scatter.EnableBokehSettings:1      ; bokeh simulation when scattering]]
[2020.09.14-13.12.39:880][  0]LogConfig: Setting CVar [[r.DOF.Scatter.MaxSpriteRatio:0.1         ; only a maximum of 10% of scattered bokeh]]
[2020.09.14-13.12.39:880][  0]LogConfig: Setting CVar [[r.DOF.Recombine.Quality:1                ; cheap slight out of focus]]
[2020.09.14-13.12.39:880][  0]LogConfig: Setting CVar [[r.DOF.Recombine.EnableBokehSettings:0    ; no bokeh simulation on slight out of focus]]
[2020.09.14-13.12.39:880][  0]LogConfig: Setting CVar [[r.DOF.TemporalAAQuality:1                ; more stable temporal accumulation]]
[2020.09.14-13.12.39:880][  0]LogConfig: Setting CVar [[r.DOF.Kernel.MaxForegroundRadius:0.025]]
[2020.09.14-13.12.39:880][  0]LogConfig: Setting CVar [[r.DOF.Kernel.MaxBackgroundRadius:0.025]]
[2020.09.14-13.12.39:880][  0]LogConfig: Applying CVar settings from Section [TextureQuality@3] File [C:/Users/อาสาฬ รอดนวน/Documents/Unreal Projects/Create_System/Saved/Config/Windows/Scalability.ini]
[2020.09.14-13.12.39:880][  0]LogConfig: Setting CVar [[r.Streaming.MipBias:0]]
[2020.09.14-13.12.39:880][  0]LogConfig: Setting CVar [[r.Streaming.AmortizeCPUToGPUCopy:0]]
[2020.09.14-13.12.39:880][  0]LogConfig: Setting CVar [[r.Streaming.MaxNumTexturesToStreamPerFrame:0]]
[2020.09.14-13.12.39:880][  0]LogConfig: Setting CVar [[r.Streaming.Boost:1]]
[2020.09.14-13.12.39:880][  0]LogConfig: Setting CVar [[r.MaxAnisotropy:8]]
[2020.09.14-13.12.39:880][  0]LogConfig: Setting CVar [[r.VT.MaxAnisotropy:8]]
[2020.09.14-13.12.39:880][  0]LogConfig: Setting CVar [[r.Streaming.LimitPoolSizeToVRAM:0]]
[2020.09.14-13.12.39:881][  0]LogConfig: Setting CVar [[r.Streaming.PoolSize:1000]]
[2020.09.14-13.12.39:881][  0]LogConfig: Setting CVar [[r.Streaming.MaxEffectiveScreenSize:0]]
[2020.09.14-13.12.39:881][  0]LogConfig: Applying CVar settings from Section [EffectsQuality@3] File [C:/Users/อาสาฬ รอดนวน/Documents/Unreal Projects/Create_System/Saved/Config/Windows/Scalability.ini]
[2020.09.14-13.12.39:881][  0]LogConfig: Setting CVar [[r.TranslucencyLightingVolumeDim:64]]
[2020.09.14-13.12.39:881][  0]LogConfig: Setting CVar [[r.RefractionQuality:2]]
[2020.09.14-13.12.39:881][  0]LogConfig: Setting CVar [[r.SSR.Quality:3]]
[2020.09.14-13.12.39:881][  0]LogConfig: Setting CVar [[r.SSR.HalfResSceneColor:0]]
[2020.09.14-13.12.39:881][  0]LogConfig: Setting CVar [[r.SceneColorFormat:4]]
[2020.09.14-13.12.39:881][  0]LogConfig: Setting CVar [[r.DetailMode:2]]
[2020.09.14-13.12.39:881][  0]LogConfig: Setting CVar [[r.TranslucencyVolumeBlur:1]]
[2020.09.14-13.12.39:881][  0]LogConfig: Setting CVar [[r.MaterialQualityLevel:1 ; High quality]]
[2020.09.14-13.12.39:881][  0]LogConfig: Setting CVar [[r.SSS.Scale:1]]
[2020.09.14-13.12.39:881][  0]LogConfig: Setting CVar [[r.SSS.SampleSet:2]]
[2020.09.14-13.12.39:881][  0]LogConfig: Setting CVar [[r.SSS.Quality:1]]
[2020.09.14-13.12.39:881][  0]LogConfig: Setting CVar [[r.SSS.HalfRes:0]]
[2020.09.14-13.12.39:881][  0]LogConfig: Setting CVar [[r.SSGI.Quality:3]]
[2020.09.14-13.12.39:881][  0]LogConfig: Setting CVar [[r.EmitterSpawnRateScale:1.0]]
[2020.09.14-13.12.39:881][  0]LogConfig: Setting CVar [[r.ParticleLightQuality:2]]
[2020.09.14-13.12.39:881][  0]LogConfig: Setting CVar [[r.SkyAtmosphere.AerialPerspectiveLUT.FastApplyOnOpaque:1 ; Always have FastSkyLUT 1 in this case to avoid wrong sky]]
[2020.09.14-13.12.39:881][  0]LogConfig: Setting CVar [[r.SkyAtmosphere.AerialPerspectiveLUT.SampleCountPerSlice:1]]
[2020.09.14-13.12.39:881][  0]LogConfig: Setting CVar [[r.SkyAtmosphere.AerialPerspectiveLUT.DepthResolution:16.0]]
[2020.09.14-13.12.39:881][  0]LogConfig: Setting CVar [[r.SkyAtmosphere.FastSkyLUT:1]]
[2020.09.14-13.12.39:881][  0]LogConfig: Setting CVar [[r.SkyAtmosphere.FastSkyLUT.SampleCountMin:4.0]]
[2020.09.14-13.12.39:881][  0]LogConfig: Setting CVar [[r.SkyAtmosphere.FastSkyLUT.SampleCountMax:32.0]]
[2020.09.14-13.12.39:881][  0]LogConfig: Setting CVar [[r.SkyAtmosphere.SampleCountMin:4.0]]
[2020.09.14-13.12.39:881][  0]LogConfig: Setting CVar [[r.SkyAtmosphere.SampleCountMax:32.0]]
[2020.09.14-13.12.39:881][  0]LogConfig: Setting CVar [[r.SkyAtmosphere.TransmittanceLUT.UseSmallFormat:0]]
[2020.09.14-13.12.39:882][  0]LogConfig: Setting CVar [[r.SkyAtmosphere.TransmittanceLUT.SampleCount:10.0]]
[2020.09.14-13.12.39:882][  0]LogConfig: Setting CVar [[r.SkyAtmosphere.MultiScatteringLUT.SampleCount:15.0]]
[2020.09.14-13.12.39:882][  0]LogConfig: Applying CVar settings from Section [FoliageQuality@3] File [C:/Users/อาสาฬ รอดนวน/Documents/Unreal Projects/Create_System/Saved/Config/Windows/Scalability.ini]
[2020.09.14-13.12.39:882][  0]LogConfig: Setting CVar [[foliage.DensityScale:1.0]]
[2020.09.14-13.12.39:882][  0]LogConfig: Setting CVar [[grass.DensityScale:1.0]]
[2020.09.14-13.12.39:882][  0]LogConfig: Applying CVar settings from Section [ShadingQuality@3] File [C:/Users/อาสาฬ รอดนวน/Documents/Unreal Projects/Create_System/Saved/Config/Windows/Scalability.ini]
[2020.09.14-13.12.39:882][  0]LogConfig: Setting CVar [[r.HairStrands.SkyLighting.SampleCount:16]]
[2020.09.14-13.12.39:882][  0]LogConfig: Setting CVar [[r.HairStrands.SkyLighting.JitterIntegration:0]]
[2020.09.14-13.12.39:882][  0]LogConfig: Setting CVar [[r.HairStrands.SkyAO.SampleCount:16]]
[2020.09.14-13.12.39:882][  0]LogConfig: Setting CVar [[r.HairStrands.DeepShadow.SuperSampling:0]]
[2020.09.14-13.12.39:882][  0]LogConfig: Setting CVar [[r.HairStrands.VisibilityPPLL:0]]
[2020.09.14-13.12.39:882][  0]LogConfig: Setting CVar [[r.HairStrands.RasterizationScale:0.5]]
[2020.09.14-13.12.39:882][  0]LogConfig: Setting CVar [[r.HairStrands.VelocityRasterizationScale:1]]
[2020.09.14-13.12.39:882][  0]LogInit: Selected Device Profile: [Windows]
[2020.09.14-13.12.39:882][  0]LogInit: Applying CVar settings loaded from the selected device profile: [Windows]
[2020.09.14-13.12.39:882][  0]LogHAL: Display: Platform has ~ 8 GB [8443641856 / 8589934592 / 8], which maps to Default [LargestMinGB=32, LargerMinGB=12, DefaultMinGB=8, SmallerMinGB=6, SmallestMinGB=0)
[2020.09.14-13.12.39:882][  0]LogInit: Going up to parent DeviceProfile []
[2020.09.14-13.12.39:882][  0]LogConfig: Applying CVar settings from Section [ViewDistanceQuality@3] File [C:/Users/อาสาฬ รอดนวน/Documents/Unreal Projects/Create_System/Saved/Config/Windows/Scalability.ini]
[2020.09.14-13.12.39:882][  0]LogConfig: Setting CVar [[r.SkeletalMeshLODBias:0]]
[2020.09.14-13.12.39:882][  0]LogConfig: Setting CVar [[r.ViewDistanceScale:1.0]]
[2020.09.14-13.12.39:882][  0]LogConfig: Applying CVar settings from Section [AntiAliasingQuality@3] File [C:/Users/อาสาฬ รอดนวน/Documents/Unreal Projects/Create_System/Saved/Config/Windows/Scalability.ini]
[2020.09.14-13.12.39:882][  0]LogConfig: Setting CVar [[r.PostProcessAAQuality:4]]
[2020.09.14-13.12.39:882][  0]LogConfig: Applying CVar settings from Section [ShadowQuality@3] File [C:/Users/อาสาฬ รอดนวน/Documents/Unreal Projects/Create_System/Saved/Config/Windows/Scalability.ini]
[2020.09.14-13.12.39:882][  0]LogConfig: Setting CVar [[r.LightFunctionQuality:1]]
[2020.09.14-13.12.39:882][  0]LogConfig: Setting CVar [[r.ShadowQuality:5]]
[2020.09.14-13.12.39:882][  0]LogConfig: Setting CVar [[r.Shadow.CSM.MaxCascades:10]]
[2020.09.14-13.12.39:882][  0]LogConfig: Setting CVar [[r.Shadow.MaxResolution:2048]]
[2020.09.14-13.12.39:882][  0]LogConfig: Setting CVar [[r.Shadow.MaxCSMResolution:2048]]
[2020.09.14-13.12.39:882][  0]LogConfig: Setting CVar [[r.Shadow.RadiusThreshold:0.01]]
[2020.09.14-13.12.39:882][  0]LogConfig: Setting CVar [[r.Shadow.DistanceScale:1.0]]
[2020.09.14-13.12.39:882][  0]LogConfig: Setting CVar [[r.Shadow.CSM.TransitionScale:1.0]]
[2020.09.14-13.12.39:883][  0]LogConfig: Setting CVar [[r.Shadow.PreShadowResolutionFactor:1.0]]
[2020.09.14-13.12.39:883][  0]LogConfig: Setting CVar [[r.DistanceFieldShadowing:1]]
[2020.09.14-13.12.39:883][  0]LogConfig: Setting CVar [[r.DistanceFieldAO:1]]
[2020.09.14-13.12.39:883][  0]LogConfig: Setting CVar [[r.AOQuality:2]]
[2020.09.14-13.12.39:883][  0]LogConfig: Setting CVar [[r.VolumetricFog:1]]
[2020.09.14-13.12.39:883][  0]LogConfig: Setting CVar [[r.VolumetricFog.GridPixelSize:8]]
[2020.09.14-13.12.39:883][  0]LogConfig: Setting CVar [[r.VolumetricFog.GridSizeZ:128]]
[2020.09.14-13.12.39:883][  0]LogConfig: Setting CVar [[r.VolumetricFog.HistoryMissSupersampleCount:4]]
[2020.09.14-13.12.39:883][  0]LogConfig: Setting CVar [[r.LightMaxDrawDistanceScale:1]]
[2020.09.14-13.12.39:883][  0]LogConfig: Setting CVar [[r.CapsuleShadows:1]]
[2020.09.14-13.12.39:883][  0]LogConfig: Applying CVar settings from Section [PostProcessQuality@3] File [C:/Users/อาสาฬ รอดนวน/Documents/Unreal Projects/Create_System/Saved/Config/Windows/Scalability.ini]
[2020.09.14-13.12.39:883][  0]LogConfig: Setting CVar [[r.MotionBlurQuality:4]]
[2020.09.14-13.12.39:883][  0]LogConfig: Setting CVar [[r.AmbientOcclusionMipLevelFactor:0.4]]
[2020.09.14-13.12.39:883][  0]LogConfig: Setting CVar [[r.AmbientOcclusionMaxQuality:100]]
[2020.09.14-13.12.39:883][  0]LogConfig: Setting CVar [[r.AmbientOcclusionLevels:-1]]
[2020.09.14-13.12.39:883][  0]LogConfig: Setting CVar [[r.AmbientOcclusionRadiusScale:1.0]]
[2020.09.14-13.12.39:883][  0]LogConfig: Setting CVar [[r.DepthOfFieldQuality:2]]
[2020.09.14-13.12.39:883][  0]LogConfig: Setting CVar [[r.RenderTargetPoolMin:400]]
[2020.09.14-13.12.39:883][  0]LogConfig: Setting CVar [[r.LensFlareQuality:2]]
[2020.09.14-13.12.39:883][  0]LogConfig: Setting CVar [[r.SceneColorFringeQuality:1]]
[2020.09.14-13.12.39:883][  0]LogConfig: Setting CVar [[r.EyeAdaptationQuality:2]]
[2020.09.14-13.12.39:883][  0]LogConfig: Setting CVar [[r.BloomQuality:5]]
[2020.09.14-13.12.39:883][  0]LogConfig: Setting CVar [[r.FastBlurThreshold:100]]
[2020.09.14-13.12.39:883][  0]LogConfig: Setting CVar [[r.Upscale.Quality:3]]
[2020.09.14-13.12.39:883][  0]LogConfig: Setting CVar [[r.Tonemapper.GrainQuantization:1]]
[2020.09.14-13.12.39:883][  0]LogConfig: Setting CVar [[r.LightShaftQuality:1]]
[2020.09.14-13.12.39:883][  0]LogConfig: Setting CVar [[r.Filter.SizeScale:1]]
[2020.09.14-13.12.39:883][  0]LogConfig: Setting CVar [[r.Tonemapper.Quality:5]]
[2020.09.14-13.12.39:883][  0]LogConfig: Setting CVar [[r.DOF.Gather.AccumulatorQuality:1        ; higher gathering accumulator quality]]
[2020.09.14-13.12.39:883][  0]LogConfig: Setting CVar [[r.DOF.Gather.PostfilterMethod:1          ; Median3x3 postfilering method]]
[2020.09.14-13.12.39:883][  0]LogConfig: Setting CVar [[r.DOF.Gather.EnableBokehSettings:0       ; no bokeh simulation when gathering]]
[2020.09.14-13.12.39:883][  0]LogConfig: Setting CVar [[r.DOF.Gather.RingCount:4                 ; medium number of samples when gathering]]
[2020.09.14-13.12.39:883][  0]LogConfig: Setting CVar [[r.DOF.Scatter.ForegroundCompositing:1    ; additive foreground scattering]]
[2020.09.14-13.12.39:883][  0]LogConfig: Setting CVar [[r.DOF.Scatter.BackgroundCompositing:2    ; additive background scattering]]
[2020.09.14-13.12.39:883][  0]LogConfig: Setting CVar [[r.DOF.Scatter.EnableBokehSettings:1      ; bokeh simulation when scattering]]
[2020.09.14-13.12.39:883][  0]LogConfig: Setting CVar [[r.DOF.Scatter.MaxSpriteRatio:0.1         ; only a maximum of 10% of scattered bokeh]]
[2020.09.14-13.12.39:883][  0]LogConfig: Setting CVar [[r.DOF.Recombine.Quality:1                ; cheap slight out of focus]]
[2020.09.14-13.12.39:883][  0]LogConfig: Setting CVar [[r.DOF.Recombine.EnableBokehSettings:0    ; no bokeh simulation on slight out of focus]]
[2020.09.14-13.12.39:883][  0]LogConfig: Setting CVar [[r.DOF.TemporalAAQuality:1                ; more stable temporal accumulation]]
[2020.09.14-13.12.39:883][  0]LogConfig: Setting CVar [[r.DOF.Kernel.MaxForegroundRadius:0.025]]
[2020.09.14-13.12.39:883][  0]LogConfig: Setting CVar [[r.DOF.Kernel.MaxBackgroundRadius:0.025]]
[2020.09.14-13.12.39:883][  0]LogConfig: Applying CVar settings from Section [TextureQuality@3] File [C:/Users/อาสาฬ รอดนวน/Documents/Unreal Projects/Create_System/Saved/Config/Windows/Scalability.ini]
[2020.09.14-13.12.39:883][  0]LogConfig: Setting CVar [[r.Streaming.MipBias:0]]
[2020.09.14-13.12.39:883][  0]LogConfig: Setting CVar [[r.Streaming.AmortizeCPUToGPUCopy:0]]
[2020.09.14-13.12.39:883][  0]LogConfig: Setting CVar [[r.Streaming.MaxNumTexturesToStreamPerFrame:0]]
[2020.09.14-13.12.39:883][  0]LogConfig: Setting CVar [[r.Streaming.Boost:1]]
[2020.09.14-13.12.39:883][  0]LogConfig: Setting CVar [[r.MaxAnisotropy:8]]
[2020.09.14-13.12.39:883][  0]LogConfig: Setting CVar [[r.VT.MaxAnisotropy:8]]
[2020.09.14-13.12.39:883][  0]LogConfig: Setting CVar [[r.Streaming.LimitPoolSizeToVRAM:0]]
[2020.09.14-13.12.39:884][  0]LogConfig: Setting CVar [[r.Streaming.PoolSize:1000]]
[2020.09.14-13.12.39:884][  0]LogConfig: Setting CVar [[r.Streaming.MaxEffectiveScreenSize:0]]
[2020.09.14-13.12.39:884][  0]LogConfig: Applying CVar settings from Section [EffectsQuality@3] File [C:/Users/อาสาฬ รอดนวน/Documents/Unreal Projects/Create_System/Saved/Config/Windows/Scalability.ini]
[2020.09.14-13.12.39:884][  0]LogConfig: Setting CVar [[r.TranslucencyLightingVolumeDim:64]]
[2020.09.14-13.12.39:884][  0]LogConfig: Setting CVar [[r.RefractionQuality:2]]
[2020.09.14-13.12.39:884][  0]LogConfig: Setting CVar [[r.SSR.Quality:3]]
[2020.09.14-13.12.39:884][  0]LogConfig: Setting CVar [[r.SSR.HalfResSceneColor:0]]
[2020.09.14-13.12.39:884][  0]LogConfig: Setting CVar [[r.SceneColorFormat:4]]
[2020.09.14-13.12.39:884][  0]LogConfig: Setting CVar [[r.DetailMode:2]]
[2020.09.14-13.12.39:884][  0]LogConfig: Setting CVar [[r.TranslucencyVolumeBlur:1]]
[2020.09.14-13.12.39:884][  0]LogConfig: Setting CVar [[r.MaterialQualityLevel:1 ; High quality]]
[2020.09.14-13.12.39:884][  0]LogConfig: Setting CVar [[r.SSS.Scale:1]]
[2020.09.14-13.12.39:884][  0]LogConfig: Setting CVar [[r.SSS.SampleSet:2]]
[2020.09.14-13.12.39:884][  0]LogConfig: Setting CVar [[r.SSS.Quality:1]]
[2020.09.14-13.12.39:884][  0]LogConfig: Setting CVar [[r.SSS.HalfRes:0]]
[2020.09.14-13.12.39:884][  0]LogConfig: Setting CVar [[r.SSGI.Quality:3]]
[2020.09.14-13.12.39:884][  0]LogConfig: Setting CVar [[r.EmitterSpawnRateScale:1.0]]
[2020.09.14-13.12.39:884][  0]LogConfig: Setting CVar [[r.ParticleLightQuality:2]]
[2020.09.14-13.12.39:884][  0]LogConfig: Setting CVar [[r.SkyAtmosphere.AerialPerspectiveLUT.FastApplyOnOpaque:1 ; Always have FastSkyLUT 1 in this case to avoid wrong sky]]
[2020.09.14-13.12.39:884][  0]LogConfig: Setting CVar [[r.SkyAtmosphere.AerialPerspectiveLUT.SampleCountPerSlice:1]]
[2020.09.14-13.12.39:884][  0]LogConfig: Setting CVar [[r.SkyAtmosphere.AerialPerspectiveLUT.DepthResolution:16.0]]
[2020.09.14-13.12.39:884][  0]LogConfig: Setting CVar [[r.SkyAtmosphere.FastSkyLUT:1]]
[2020.09.14-13.12.39:884][  0]LogConfig: Setting CVar [[r.SkyAtmosphere.FastSkyLUT.SampleCountMin:4.0]]
[2020.09.14-13.12.39:884][  0]LogConfig: Setting CVar [[r.SkyAtmosphere.FastSkyLUT.SampleCountMax:32.0]]
[2020.09.14-13.12.39:884][  0]LogConfig: Setting CVar [[r.SkyAtmosphere.SampleCountMin:4.0]]
[2020.09.14-13.12.39:884][  0]LogConfig: Setting CVar [[r.SkyAtmosphere.SampleCountMax:32.0]]
[2020.09.14-13.12.39:884][  0]LogConfig: Setting CVar [[r.SkyAtmosphere.TransmittanceLUT.UseSmallFormat:0]]
[2020.09.14-13.12.39:884][  0]LogConfig: Setting CVar [[r.SkyAtmosphere.TransmittanceLUT.SampleCount:10.0]]
[2020.09.14-13.12.39:884][  0]LogConfig: Setting CVar [[r.SkyAtmosphere.MultiScatteringLUT.SampleCount:15.0]]
[2020.09.14-13.12.39:884][  0]LogConfig: Applying CVar settings from Section [FoliageQuality@3] File [C:/Users/อาสาฬ รอดนวน/Documents/Unreal Projects/Create_System/Saved/Config/Windows/Scalability.ini]
[2020.09.14-13.12.39:884][  0]LogConfig: Setting CVar [[foliage.DensityScale:1.0]]
[2020.09.14-13.12.39:884][  0]LogConfig: Setting CVar [[grass.DensityScale:1.0]]
[2020.09.14-13.12.39:884][  0]LogConfig: Applying CVar settings from Section [ShadingQuality@3] File [C:/Users/อาสาฬ รอดนวน/Documents/Unreal Projects/Create_System/Saved/Config/Windows/Scalability.ini]
[2020.09.14-13.12.39:884][  0]LogConfig: Setting CVar [[r.HairStrands.SkyLighting.SampleCount:16]]
[2020.09.14-13.12.39:884][  0]LogConfig: Setting CVar [[r.HairStrands.SkyLighting.JitterIntegration:0]]
[2020.09.14-13.12.39:884][  0]LogConfig: Setting CVar [[r.HairStrands.SkyAO.SampleCount:16]]
[2020.09.14-13.12.39:884][  0]LogConfig: Setting CVar [[r.HairStrands.DeepShadow.SuperSampling:0]]
[2020.09.14-13.12.39:884][  0]LogConfig: Setting CVar [[r.HairStrands.VisibilityPPLL:0]]
[2020.09.14-13.12.39:884][  0]LogConfig: Setting CVar [[r.HairStrands.RasterizationScale:0.5]]
[2020.09.14-13.12.39:884][  0]LogConfig: Setting CVar [[r.HairStrands.VelocityRasterizationScale:1]]
[2020.09.14-13.12.39:884][  0]LogConfig: Applying CVar settings from Section [Startup] File [../../../Engine/Config/ConsoleVariables.ini]
[2020.09.14-13.12.39:896][  0]LogConfig: Setting CVar [[net.UseAdaptiveNetUpdateFrequency:0]]
[2020.09.14-13.12.39:896][  0]LogConfig: Setting CVar [[p.chaos.AllowCreatePhysxBodies:1]]
[2020.09.14-13.12.39:896][  0]LogConfig: Setting CVar [[fx.SkipVectorVMBackendOptimizations:1]]
[2020.09.14-13.12.39:896][  0]LogConfig: Applying CVar settings from Section [ConsoleVariables] File [C:/Users/อาสาฬ รอดนวน/Documents/Unreal Projects/Create_System/Saved/Config/Windows/Engine.ini]
[2020.09.14-13.12.39:896][  0]LogInit: Computer: DESKTOP-AAURE19
[2020.09.14-13.12.39:896][  0]LogInit: User: อาสาฬรอดนวน
[2020.09.14-13.12.39:896][  0]LogInit: CPU Page size=4096, Cores=2
[2020.09.14-13.12.39:896][  0]LogInit: High frequency timer resolution =10.000000 MHz
[2020.09.14-13.12.39:897][  0]LogMemory: Memory total: Physical=7.9GB (8GB approx)
[2020.09.14-13.12.39:897][  0]LogMemory: Platform Memory Stats for Windows
[2020.09.14-13.12.39:897][  0]LogMemory: Process Physical Memory: 112.04 MB used, 112.05 MB peak
[2020.09.14-13.12.39:897][  0]LogMemory: Process Virtual Memory: 95.03 MB used, 95.03 MB peak
[2020.09.14-13.12.39:897][  0]LogMemory: Physical Memory: 7064.39 MB used,  988.10 MB free, 8052.48 MB total
[2020.09.14-13.12.39:897][  0]LogMemory: Virtual Memory: 5122.76 MB used,  134212608.00 MB free, 134217728.00 MB total
[2020.09.14-13.12.39:920][  0]LogWindows: WindowsPlatformFeatures enabled
[2020.09.14-13.12.40:462][  0]LogInit: Physics initialised using underlying interface: PhysX
[2020.09.14-13.12.40:462][  0]LogInit: Using OS detected language (th-TH).
[2020.09.14-13.12.40:462][  0]LogInit: Using OS detected locale (th-TH).
[2020.09.14-13.12.40:475][  0]LogTextLocalizationManager: No localization for 'th-TH' exists, so 'en' will be used for the language.
[2020.09.14-13.12.40:483][  0]LogTextLocalizationManager: No localization for 'th-TH' exists, so 'en' will be used for the locale.
[2020.09.14-13.12.41:703][  0]LogSlate: New Slate User Created.  User Index 0, Is Virtual User: 0
[2020.09.14-13.12.41:703][  0]LogSlate: Slate User Registered.  User Index 0, Is Virtual User: 0
[2020.09.14-13.12.41:715][  0]LogHMD: Failed to initialize OpenVR with code 110
[2020.09.14-13.12.41:716][  0]LogD3D11RHI: D3D11 min allowed feature level: 11_0
[2020.09.14-13.12.41:716][  0]LogD3D11RHI: D3D11 max allowed feature level: 11_0
[2020.09.14-13.12.41:716][  0]LogD3D11RHI: D3D11 adapters:
[2020.09.14-13.12.41:848][  0]LogD3D11RHI:    0. 'Intel(R) HD Graphics 4000' (Feature Level 11_0)
[2020.09.14-13.12.41:848][  0]LogD3D11RHI:       32/0/1760 MB DedicatedVideo/DedicatedSystem/SharedSystem, Outputs:1, VendorId:0x8086
[2020.09.14-13.12.41:987][  0]LogD3D11RHI:    1. 'Microsoft Basic Render Driver' (Feature Level 11_0)
[2020.09.14-13.12.41:987][  0]LogD3D11RHI:       0/0/4026 MB DedicatedVideo/DedicatedSystem/SharedSystem, Outputs:0, VendorId:0x1414
[2020.09.14-13.12.41:987][  0]LogD3D11RHI: Chosen D3D11 Adapter: 0
[2020.09.14-13.12.41:994][  0]LogD3D11RHI: Creating new Direct3DDevice
[2020.09.14-13.12.41:994][  0]LogD3D11RHI:     GPU DeviceId: 0x166 (for the marketing name, search the web for "GPU Device Id")
[2020.09.14-13.12.41:994][  0]LogWindows: EnumDisplayDevices:
[2020.09.14-13.12.41:995][  0]LogWindows:    0. 'Intel(R) HD Graphics 4000' (P:1 D:1)
[2020.09.14-13.12.41:995][  0]LogWindows:    1. 'Intel(R) HD Graphics 4000' (P:0 D:0)
[2020.09.14-13.12.41:996][  0]LogWindows:    2. 'Intel(R) HD Graphics 4000' (P:0 D:0)
[2020.09.14-13.12.41:997][  0]LogWindows: DebugString: FoundDriverCount:3 
[2020.09.14-13.12.41:997][  0]LogD3D11RHI:     Adapter Name: Intel(R) HD Graphics 4000
[2020.09.14-13.12.41:997][  0]LogD3D11RHI:   Driver Version: 10.18.10.4252 (internal:10.18.10.4252, unified:10.18.10.4252)
[2020.09.14-13.12.41:997][  0]LogD3D11RHI:      Driver Date: 7-10-2015
[2020.09.14-13.12.41:997][  0]LogRHI: Texture pool is 638 MB (70% of 912 MB)
[2020.09.14-13.12.42:004][  0]LogD3D11RHI: RHI does not have support for 64 bit atomics
[2020.09.14-13.12.42:005][  0]LogD3D11RHI: Async texture creation enabled
[2020.09.14-13.12.42:013][  0]LogD3D11RHI: GPU Timing Frequency: 12.500000 (Debug: 2 0)
[2020.09.14-13.12.44:184][  0]LogTargetPlatformManager: Display: Loaded TargetPlatform 'WindowsNoEditor'
[2020.09.14-13.12.44:200][  0]LogTargetPlatformManager: Display: Loaded TargetPlatform 'Windows'
[2020.09.14-13.12.44:223][  0]LogTargetPlatformManager: Display: Loaded TargetPlatform 'WindowsClient'
[2020.09.14-13.12.44:251][  0]LogTargetPlatformManager: Display: Loaded TargetPlatform 'WindowsServer'
[2020.09.14-13.12.44:251][  0]LogTargetPlatformManager: Display: Building Assets For Windows
[2020.09.14-13.12.44:326][  0]LogAudioDebug: Display: Lib vorbis DLL was dynamically loaded.
[2020.09.14-13.12.44:745][  0]LogShaderCompilers: Guid format shader working directory is -23 characters bigger than the processId version (../../../../../../Users/อาสาฬ รอดนวน/Documents/Unreal Projects/Create_System/Intermediate/Shaders/WorkingDirectory/6276/).
[2020.09.14-13.12.44:745][  0]LogShaderCompilers: Cleaned the shader compiler working directory 'C:/Users/อาสาฬ รอดนวน/AppData/Local/Temp/UnrealShaderWorkingDir/B7BE60EB4B573491173B3F96F861D5FB/'.
[2020.09.14-13.12.44:758][  0]LogXGEController: Cannot use XGE Controller as Incredibuild is not installed on this machine.
[2020.09.14-13.12.44:758][  0]LogShaderCompilers: Cannot use XGE Shader Compiler as Incredibuild is not installed on this machine.
[2020.09.14-13.12.44:758][  0]LogShaderCompilers: Display: Using Local Shader Compiler.
[2020.09.14-13.12.50:337][  0]LogDerivedDataCache: Display: Max Cache Size: 512 MB
[2020.09.14-13.12.51:587][  0]LogDerivedDataCache: Loaded boot cache 1.25s 76MB C:/Users/อาสาฬ รอดนวน/AppData/Local/UnrealEngine/4.25/DerivedDataCache/Boot.ddc.
[2020.09.14-13.12.51:587][  0]LogDerivedDataCache: Display: Loaded Boot cache: C:/Users/อาสาฬ รอดนวน/AppData/Local/UnrealEngine/4.25/DerivedDataCache/Boot.ddc
[2020.09.14-13.12.51:587][  0]LogDerivedDataCache: FDerivedDataBackendGraph:  Pak pak cache file ../../../../../../Users/อาสาฬ รอดนวน/Documents/Unreal Projects/Create_System/DerivedDataCache/DDC.ddp not found, will not use a pak cache.
[2020.09.14-13.12.51:587][  0]LogDerivedDataCache: Unable to find inner node Pak for hierarchical cache Hierarchy.
[2020.09.14-13.12.51:587][  0]LogDerivedDataCache: FDerivedDataBackendGraph:  CompressedPak pak cache file ../../../../../../Users/อาสาฬ รอดนวน/Documents/Unreal Projects/Create_System/DerivedDataCache/Compressed.ddp not found, will not use a pak cache.
[2020.09.14-13.12.51:587][  0]LogDerivedDataCache: Unable to find inner node CompressedPak for hierarchical cache Hierarchy.
[2020.09.14-13.12.51:600][  0]LogDerivedDataCache: Display: Pak cache opened for reading ../../../Engine/DerivedDataCache/Compressed.ddp.
[2020.09.14-13.12.51:601][  0]LogDerivedDataCache: FDerivedDataBackendGraph:  EnterprisePak pak cache file ../../../Enterprise/DerivedDataCache/Compressed.ddp not found, will not use a pak cache.
[2020.09.14-13.12.51:601][  0]LogDerivedDataCache: Unable to find inner node EnterprisePak for hierarchical cache Hierarchy.
[2020.09.14-13.12.51:636][  0]LogDerivedDataCache: Using Local data cache path C:/Users/อาสาฬ รอดนวน/AppData/Local/UnrealEngine/Common/DerivedDataCache: Writable
[2020.09.14-13.12.51:636][  0]LogDerivedDataCache: Shared data cache path not found in *engine.ini, will not use an Shared cache.
[2020.09.14-13.12.51:636][  0]LogDerivedDataCache: Unable to find inner node Shared for hierarchical cache Hierarchy.
[2020.09.14-13.12.51:976][  0]LogSlate: Using FreeType 2.10.0
[2020.09.14-13.12.51:985][  0]LogSlate: SlateFontServices - WITH_FREETYPE: 1, WITH_HARFBUZZ: 1
[2020.09.14-13.12.53:585][  0]LogInit: Using OS detected language (th-TH).
[2020.09.14-13.12.53:585][  0]LogInit: Using OS detected locale (th-TH).
[2020.09.14-13.12.53:585][  0]LogTextLocalizationManager: No localization for 'th-TH' exists, so 'en' will be used for the language.
[2020.09.14-13.12.53:585][  0]LogTextLocalizationManager: No localization for 'th-TH' exists, so 'en' will be used for the locale.
[2020.09.14-13.12.53:587][  0]LogTextLocalizationManager: Compacting localization data took   0.00ms
[2020.09.14-13.12.53:608][  0]LogAssetRegistry: FAssetRegistry took 0.0033 seconds to start up
[2020.09.14-13.12.54:167][  0]LogPackageLocalizationCache: Processed 19 localized package path(s) for 1 prioritized culture(s) in 0.001463 seconds
[2020.09.14-13.12.54:260][  0]LogInit: Selected Device Profile: [Windows]
[2020.09.14-13.12.54:632][  0]LogMeshReduction: Using QuadricMeshReduction for automatic static mesh reduction
[2020.09.14-13.12.54:632][  0]LogMeshReduction: Using SimplygonMeshReduction for automatic skeletal mesh reduction
[2020.09.14-13.12.54:632][  0]LogMeshReduction: Using ProxyLODMeshReduction for automatic mesh merging
[2020.09.14-13.12.54:632][  0]LogMeshReduction: No distributed automatic mesh merging module available
[2020.09.14-13.12.54:632][  0]LogMeshMerging: No distributed automatic mesh merging module available
[2020.09.14-13.12.54:668][  0]LogNetVersion: Create_System 1.0.0, NetCL: 13144385, EngineNetVer: 14, GameNetVer: 0 (Checksum: 3491979628)
[2020.09.14-13.12.55:176][  0]LogAISub: UAISubsystem::UAISubsystem AISubsystem (000001586A824D40), frame # 0
[2020.09.14-13.12.55:176][  0]LogAISub: UAISubsystem::UAISubsystem AIPerceptionSystem (000001586B7716C0), frame # 0
[2020.09.14-13.12.55:179][  0]LogAISub: UAISubsystem::UAISubsystem EnvQueryManager (000001586A81C200), frame # 0
[2020.09.14-13.12.57:955][  0]LogCollectionManager: Loaded 0 collections in 0.025245 seconds
[2020.09.14-13.12.57:970][  0]LogFileCache: Scanning file cache for directory 'C:/Users/อาสาฬ รอดนวน/Documents/Unreal Projects/Create_System/Saved/Collections/' took 0.00s
[2020.09.14-13.12.57:970][  0]LogFileCache: Scanning file cache for directory 'C:/Users/อาสาฬ รอดนวน/Documents/Unreal Projects/Create_System/Content/Developers/อาสาฬรอดนวน/Collections/' took 0.00s
[2020.09.14-13.12.57:970][  0]LogCollectionManager: Fixed up redirectors for 0 collections in 0.000004 seconds (updated 0 objects)
[2020.09.14-13.12.58:629][  0]LogFileCache: Scanning file cache for directory 'C:/Users/อาสาฬ รอดนวน/Documents/Unreal Projects/Create_System/Content/Collections/' took 0.00s
[2020.09.14-13.12.58:629][  0]LogMoviePlayer: Initializing movie player
[2020.09.14-13.12.59:699][  0]LogTcpMessaging: Initializing TcpMessaging bridge
[2020.09.14-13.12.59:719][  0]LogUdpMessaging: Initializing bridge on interface 0.0.0.0:0 to multicast group 230.0.0.1:6666.
[2020.09.14-13.12.59:973][  0]SourceControl: Source control is disabled
[2020.09.14-13.12.59:973][  0]SourceControl: Source control is disabled
[2020.09.14-13.13.00:167][  0]SourceControl: Source control is disabled
[2020.09.14-13.13.00:254][  0]LogVSAccessor: Display: Unable to create Visual Studio setup instance: 80040154
[2020.09.14-13.13.00:272][  0]LogVSAccessor: Display: Unable to create Visual Studio setup instance: 80040154
[2020.09.14-13.13.00:972][  0]LogAndroidPermission: UAndroidPermissionCallbackProxy::GetInstance
[2020.09.14-13.13.01:096][  0]LogAudioCaptureCore: Display: No Audio Capture implementations found. Audio input will be silent.
[2020.09.14-13.13.01:096][  0]LogAudioCaptureCore: Display: No Audio Capture implementations found. Audio input will be silent.
[2020.09.14-13.13.01:285][  0]LogOcInput: OculusInput pre-init called
[2020.09.14-13.13.01:362][  0]LogUObjectArray: 19064 objects as part of root set at end of initial load.
[2020.09.14-13.13.01:362][  0]LogUObjectAllocator: 5015424 out of 0 bytes used by permanent object pool.
[2020.09.14-13.13.01:362][  0]LogUObjectArray: CloseDisregardForGC: 0/0 objects in disregard for GC pool
[2020.09.14-13.13.01:571][  0]LogEngine: Initializing Engine...
[2020.09.14-13.13.01:574][  0]LogHMD: Failed to initialize OpenVR with code 110
[2020.09.14-13.13.01:574][  0]LogMagicLeap: Warning: VR disabled because ZI is not enabled.  To enable, in the editor, Edit -> Project Settings -> Plugins -> Magic Leap Plugin -> Enable Zero Iteration
[2020.09.14-13.13.01:576][  0]LogStats: UGameplayTagsManager::InitializeManager -  0.000 s
[2020.09.14-13.13.01:729][  0]LogInit: Initializing FReadOnlyCVARCache
[2020.09.14-13.13.01:757][  0]LogAudioMixer: Display: Audio Mixer Platform Settings:
[2020.09.14-13.13.01:757][  0]LogAudioMixer: Display: 	Sample Rate:						  48000
[2020.09.14-13.13.01:757][  0]LogAudioMixer: Display: 	Callback Buffer Frame Size Requested: 1024
[2020.09.14-13.13.01:757][  0]LogAudioMixer: Display: 	Callback Buffer Frame Size To Use:	  1024
[2020.09.14-13.13.01:757][  0]LogAudioMixer: Display: 	Number of buffers to queue:			  2
[2020.09.14-13.13.01:757][  0]LogAudioMixer: Display: 	Max Channels (voices):				  32
[2020.09.14-13.13.01:757][  0]LogAudioMixer: Display: 	Number of Async Source Workers:		  0
[2020.09.14-13.13.01:757][  0]LogAudio: Display: AudioDevice MaxSources: 32
[2020.09.14-13.13.01:758][  0]LogAudio: Display: Using built-in audio occlusion.
[2020.09.14-13.13.01:758][  0]LogAudioMixer: Display: Initializing audio mixer.
[2020.09.14-13.13.01:999][  0]LogAudioMixer: Display: 0: FrontLeft
[2020.09.14-13.13.01:999][  0]LogAudioMixer: Display: 1: FrontRight
[2020.09.14-13.13.02:192][  0]LogAudioMixer: Display: Using Audio Device Speakers (Realtek High Definition Audio)
[2020.09.14-13.13.02:199][  0]LogAudioMixer: Display: Initializing Sound Submixes...
[2020.09.14-13.13.02:202][  0]LogAudioMixer: Display: Creating Master Submix 'MasterSubmixDefault'
[2020.09.14-13.13.02:202][  0]LogAudioMixer: Display: Creating Master Submix 'MasterReverbSubmixDefault'
[2020.09.14-13.13.02:204][  0]LogAudioMixer: Display: Creating Master Submix 'MasterEQSubmixDefault'
[2020.09.14-13.13.02:205][  0]LogInit: FAudioDevice initialized.
[2020.09.14-13.13.02:243][  0]LogNetVersion: Set ProjectVersion to 1.0.0.0. Version Checksum will be recalculated on next use.
[2020.09.14-13.13.02:245][  0]LogInit: Texture streaming: Enabled
[2020.09.14-13.13.02:842][  0]LogSlate: Updating window title bar state: overlay mode, drag disabled, window buttons hidden, title bar hidden
[2020.09.14-13.13.02:856][  0]LogInit: Display: Game Engine Initialized.
[2020.09.14-13.13.02:888][  0]LogNiagaraEditor: Warning: GEditor isn't valid! Particle reset commands will not work for Niagara components!
[2020.09.14-13.13.03:061][  0]LogInit: Display: Starting Game.
[2020.09.14-13.13.03:102][  0]LogNet: Browse: /Game/ThirdPersonBP/Maps/ThirdPersonExampleMap?Name=Player
[2020.09.14-13.13.03:109][  0]LogLoad: LoadMap: /Game/ThirdPersonBP/Maps/ThirdPersonExampleMap?Name=Player
[2020.09.14-13.13.03:109][  0]LogWorld: BeginTearingDown for /Temp/Untitled_0
[2020.09.14-13.13.03:115][  0]LogWorld: UWorld::CleanupWorld for Untitled, bSessionEnded=true, bCleanupResources=true
[2020.09.14-13.13.03:115][  0]LogSlate: InvalidateAllWidgets triggered.  All widgets were invalidated
[2020.09.14-13.13.03:126][  0]LogUObjectHash: Compacting FUObjectHashTables data took   0.85ms
[2020.09.14-13.13.03:864][  0]LogAIModule: Creating AISystem for world ThirdPersonExampleMap
[2020.09.14-13.13.03:864][  0]LogAISub: UAISubsystem::UAISubsystem EnvQueryManager (000001586007FC00), frame # 0
[2020.09.14-13.13.03:864][  0]LogAISub: UAISubsystem::UAISubsystem AIPerceptionSystem (00000158706891C0), frame # 0
[2020.09.14-13.13.03:867][  0]LogLoad: Game class is 'ThirdPersonGameMode_C'
[2020.09.14-13.13.03:898][  0]LogWorld: Bringing World /Game/ThirdPersonBP/Maps/ThirdPersonExampleMap.ThirdPersonExampleMap up for play (max tick rate 0) at 2020.09.14-20.13.03
[2020.09.14-13.13.03:940][  0]LogWorld: Bringing up level for play took: 0.054774
[2020.09.14-13.13.04:938][  0]LogLoad: Took 1.829008 seconds to LoadMap(/Game/ThirdPersonBP/Maps/ThirdPersonExampleMap)
[2020.09.14-13.13.05:194][  0]LogRenderer: Reallocating scene render targets to support 1280x720 Format 10 NumSamples 1 (Frame:1).
[2020.09.14-13.13.05:194][  0]LogLoad: (Engine Initialization) Total time: 41.00 seconds
[2020.09.14-13.13.05:194][  0]LogLoad: (Engine Initialization) Total Blueprint compile time: 0.00 seconds
[2020.09.14-13.13.06:067][  0]LogContentStreaming: Texture pool size now 1000 MB
[2020.09.14-13.13.06:892][  2]LogRenderer: Reallocating scene render targets to support 128x128 Format 10 NumSamples 1 (Frame:1).
[2020.09.14-13.13.06:892][  2]LogRenderer: Reallocating scene render targets to support 1280x720 Format 10 NumSamples 1 (Frame:2).
[2020.09.14-13.13.20:484][210]Closing by request
[2020.09.14-13.13.20:485][210]LogWindows: FPlatformMisc::RequestExit(0)
[2020.09.14-13.13.20:485][210]LogCore: Engine exit requested (reason: Win RequestExit)
[2020.09.14-13.13.20:511][211]LogCore: Engine exit requested (reason: EngineExit() was called; note: exit was already requested)
[2020.09.14-13.13.20:600][211]LogAudio: Display: Shutting down audio device while 2 references to it are still alive. For more information, compile with INSTRUMENT_AUDIODEVICE_HANDLES.
[2020.09.14-13.13.20:708][211]LogInit: Display: PreExit Game.
[2020.09.14-13.13.20:809][211]LogWorld: BeginTearingDown for /Game/ThirdPersonBP/Maps/ThirdPersonExampleMap
[2020.09.14-13.13.20:857][211]LogWorld: UWorld::CleanupWorld for ThirdPersonExampleMap, bSessionEnded=true, bCleanupResources=true
[2020.09.14-13.13.20:858][211]LogSlate: InvalidateAllWidgets triggered.  All widgets were invalidated
[2020.09.14-13.13.21:647][211]LogSlate: Window 'Create_System (64-bit Development PCD3D_SM5) ' being destroyed
[2020.09.14-13.13.21:648][211]LogWindowsTextInputMethodSystem: Display: IME system now deactivated.
[2020.09.14-13.13.21:716][211]LogWindowsTextInputMethodSystem: Display: IME system now deactivated.
[2020.09.14-13.13.21:759][211]LogExit: Preparing to exit.
[2020.09.14-13.13.22:746][211]LogMoviePlayer: Shutting down movie player
[2020.09.14-13.13.23:346][211]LogSlate: Updating window title bar state: overlay mode, drag disabled, window buttons hidden, title bar hidden
[2020.09.14-13.13.23:625][211]LogDemo: Cleaned up 0 splitscreen connections with owner deletion
[2020.09.14-13.13.23:766][211]LogExit: Game engine shut down
[2020.09.14-13.13.25:270][211]LogAISub: UAISubsystem::~UAISubsystem AISubsystem (000001586A824D40), frame # 211
[2020.09.14-13.13.25:270][211]LogAISub: UAISubsystem::~UAISubsystem AIPerceptionSystem (000001586B7716C0), frame # 211
[2020.09.14-13.13.25:282][211]LogAISub: UAISubsystem::~UAISubsystem EnvQueryManager (000001586A81C200), frame # 211
[2020.09.14-13.13.26:005][211]LogAISub: UAISubsystem::~UAISubsystem EnvQueryManager (000001586007FC00), frame # 211
[2020.09.14-13.13.26:005][211]LogAISub: UAISubsystem::~UAISubsystem AIPerceptionSystem (00000158706891C0), frame # 211
[2020.09.14-13.13.26:056][211]LogExit: Object subsystem successfully closed.
[2020.09.14-13.13.26:606][211]LogShaderCompilers: Display: Shaders left to compile 0
[2020.09.14-13.13.27:623][211]LogModuleManager: Shutting down and abandoning module SequenceRecorderSections (502)
[2020.09.14-13.13.27:623][211]LogModuleManager: Shutting down and abandoning module SequenceRecorder (500)
[2020.09.14-13.13.27:630][211]LogModuleManager: Shutting down and abandoning module AutomationController (498)
[2020.09.14-13.13.27:635][211]LogModuleManager: Shutting down and abandoning module AutomationWorker (496)
[2020.09.14-13.13.27:646][211]LogModuleManager: Shutting down and abandoning module Voice (494)
[2020.09.14-13.13.27:661][211]LogModuleManager: Shutting down and abandoning module AIModule (492)
[2020.09.14-13.13.27:670][211]LogModuleManager: Shutting down and abandoning module GameplayDebugger (491)
[2020.09.14-13.13.27:685][211]LogModuleManager: Shutting down and abandoning module AITestSuite (489)
[2020.09.14-13.13.27:685][211]LogModuleManager: Shutting down and abandoning module NavigationSystem (487)
[2020.09.14-13.13.27:685][211]LogModuleManager: Shutting down and abandoning module OculusMR (484)
[2020.09.14-13.13.27:692][211]LogModuleManager: Shutting down and abandoning module WmfMediaFactory (482)
[2020.09.14-13.13.27:692][211]LogModuleManager: Shutting down and abandoning module WebMMediaFactory (480)
[2020.09.14-13.13.27:692][211]LogModuleManager: Shutting down and abandoning module WebMMedia (478)
[2020.09.14-13.13.27:699][211]LogModuleManager: Shutting down and abandoning module OpenExrWrapper (476)
[2020.09.14-13.13.27:699][211]LogModuleManager: Shutting down and abandoning module ImgMediaFactory (474)
[2020.09.14-13.13.27:699][211]LogModuleManager: Shutting down and abandoning module AvfMediaFactory (472)
[2020.09.14-13.13.27:699][211]LogModuleManager: Shutting down and abandoning module MagicLeapMediaCodecFactory (470)
[2020.09.14-13.13.27:699][211]LogModuleManager: Shutting down and abandoning module MagicLeapMediaFactory (468)
[2020.09.14-13.13.27:699][211]LogModuleManager: Shutting down and abandoning module PlanarCut (466)
[2020.09.14-13.13.27:715][211]LogModuleManager: Shutting down and abandoning module CharacterAI (464)
[2020.09.14-13.13.27:715][211]LogModuleManager: Shutting down and abandoning module SessionServices (462)
[2020.09.14-13.13.27:715][211]LogModuleManager: Shutting down and abandoning module MovieSceneCapture (460)
[2020.09.14-13.13.27:715][211]LogModuleManager: Shutting down and abandoning module LiveCoding (458)
[2020.09.14-13.13.27:728][211]LogModuleManager: Shutting down and abandoning module LevelSequence (456)
[2020.09.14-13.13.27:728][211]LogModuleManager: Shutting down and abandoning module MovieSceneTracks (454)
[2020.09.14-13.13.27:728][211]LogModuleManager: Shutting down and abandoning module MovieScene (452)
[2020.09.14-13.13.27:728][211]LogModuleManager: Shutting down and abandoning module StreamingPauseRendering (450)
[2020.09.14-13.13.27:728][211]LogModuleManager: Shutting down and abandoning module PortalServices (448)
[2020.09.14-13.13.27:729][211]LogModuleManager: Shutting down and abandoning module PortalRpc (446)
[2020.09.14-13.13.27:729][211]LogModuleManager: Shutting down and abandoning module MessagingRpc (444)
[2020.09.14-13.13.27:729][211]LogModuleManager: Shutting down and abandoning module AudioMixerXAudio2 (442)
[2020.09.14-13.13.27:729][211]LogModuleManager: Shutting down and abandoning module AudioMixerCore (441)
[2020.09.14-13.13.27:729][211]LogModuleManager: Shutting down and abandoning module ProfilerService (438)
[2020.09.14-13.13.27:817][211]LogModuleManager: Shutting down and abandoning module TaskGraph (436)
[2020.09.14-13.13.27:836][211]LogModuleManager: Shutting down and abandoning module Synthesis (434)
[2020.09.14-13.13.27:854][211]LogModuleManager: Shutting down and abandoning module ProceduralMeshComponent (432)
[2020.09.14-13.13.27:854][211]LogModuleManager: Shutting down and abandoning module OculusInput (430)
[2020.09.14-13.13.27:854][211]LogModuleManager: Shutting down and abandoning module MobilePatchingUtils (428)
[2020.09.14-13.13.27:854][211]LogModuleManager: Shutting down and abandoning module GooglePAD (426)
[2020.09.14-13.13.27:855][211]LogModuleManager: Shutting down and abandoning module EditableMesh (424)
[2020.09.14-13.13.27:864][211]LogModuleManager: Shutting down and abandoning module CustomMeshComponent (422)
[2020.09.14-13.13.27:864][211]LogModuleManager: Shutting down and abandoning module CableComponent (420)
[2020.09.14-13.13.27:864][211]LogModuleManager: Shutting down and abandoning module AudioCapture (418)
[2020.09.14-13.13.27:864][211]LogModuleManager: Shutting down and abandoning module AudioCaptureRtAudio (417)
[2020.09.14-13.13.27:864][211]LogModuleManager: Shutting down and abandoning module AssetTags (414)
[2020.09.14-13.13.27:864][211]LogModuleManager: Shutting down and abandoning module ArchVisCharacter (412)
[2020.09.14-13.13.27:864][211]LogModuleManager: Shutting down and abandoning module AppleImageUtilsBlueprintSupport (410)
[2020.09.14-13.13.27:864][211]LogModuleManager: Shutting down and abandoning module AppleImageUtils (408)
[2020.09.14-13.13.27:864][211]LogModuleManager: Shutting down and abandoning module AndroidPermission (406)
[2020.09.14-13.13.27:864][211]LogModuleManager: Shutting down and abandoning module NUTUnrealEngine4 (404)
[2020.09.14-13.13.27:883][211]LogModuleManager: Shutting down and abandoning module NetcodeUnitTest (402)
[2020.09.14-13.13.27:906][211]LogModuleManager: Shutting down and abandoning module TemplateSequence (400)
[2020.09.14-13.13.27:906][211]LogModuleManager: Shutting down and abandoning module MovieRenderPipelineRenderPasses (398)
[2020.09.14-13.13.27:948][211]LogModuleManager: Shutting down and abandoning module MovieRenderPipelineSettings (396)
[2020.09.14-13.13.27:948][211]LogModuleManager: Shutting down and abandoning module MovieRenderPipelineCore (394)
[2020.09.14-13.13.27:948][211]LogModuleManager: Shutting down and abandoning module ImageWriteQueue (393)
[2020.09.14-13.13.27:949][211]LogModuleManager: Shutting down and abandoning module MediaCompositing (390)
[2020.09.14-13.13.27:949][211]LogModuleManager: Shutting down and abandoning module ImgMedia (388)
[2020.09.14-13.13.27:960][211]LogModuleManager: Shutting down and abandoning module MagicLeapSharedWorld (386)
[2020.09.14-13.13.27:960][211]LogModuleManager: Shutting down and abandoning module MagicLeapLightEstimation (384)
[2020.09.14-13.13.27:960][211]LogModuleManager: Shutting down and abandoning module MagicLeapHelperVulkan (382)
[2020.09.14-13.13.27:960][211]LogModuleManager: Shutting down and abandoning module MagicLeapHelperOpenGL (380)
[2020.09.14-13.13.27:960][211]LogModuleManager: Shutting down and abandoning module MagicLeapAudio (378)
[2020.09.14-13.13.27:960][211]LogModuleManager: Shutting down and abandoning module MeshSolverUtilities (376)
[2020.09.14-13.13.27:996][211]LogModuleManager: Shutting down and abandoning module MeshConversion (374)
[2020.09.14-13.13.27:996][211]LogModuleManager: Shutting down and abandoning module DynamicMesh (372)
[2020.09.14-13.13.28:020][211]LogModuleManager: Shutting down and abandoning module GeometryAlgorithms (370)
[2020.09.14-13.13.28:027][211]LogModuleManager: Shutting down and abandoning module GeometricObjects (368)
[2020.09.14-13.13.28:045][211]LogModuleManager: Shutting down and abandoning module GeometryCollectionTracks (366)
[2020.09.14-13.13.28:046][211]LogModuleManager: Shutting down and abandoning module GeometryCollectionSequencer (365)
[2020.09.14-13.13.28:055][211]LogModuleManager: Shutting down and abandoning module GeometryCacheTracks (362)
[2020.09.14-13.13.28:055][211]LogModuleManager: Shutting down and abandoning module GeometryCacheSequencer (361)
[2020.09.14-13.13.28:055][211]LogModuleManager: Shutting down and abandoning module GeometryCache (358)
[2020.09.14-13.13.28:055][211]LogModuleManager: Shutting down and abandoning module GeometryCacheEd (357)
[2020.09.14-13.13.28:055][211]LogModuleManager: Shutting down and abandoning module ChaosNiagara (354)
[2020.09.14-13.13.28:055][211]LogModuleManager: Shutting down and abandoning module ChaosCloth (352)
[2020.09.14-13.13.28:069][211]LogModuleManager: Shutting down and abandoning module BackChannel (350)
[2020.09.14-13.13.28:069][211]LogModuleManager: Shutting down and abandoning module AutomationUtils (348)
[2020.09.14-13.13.28:089][211]LogModuleManager: Shutting down and abandoning module VisualStudioSourceCodeAccess (346)
[2020.09.14-13.13.28:089][211]LogModuleManager: Shutting down and abandoning module HotReload (345)
[2020.09.14-13.13.28:090][211]LogModuleManager: Shutting down and abandoning module VisualStudioCodeSourceCodeAccess (342)
[2020.09.14-13.13.28:090][211]LogModuleManager: Shutting down and abandoning module UObjectPlugin (340)
[2020.09.14-13.13.28:090][211]LogModuleManager: Shutting down and abandoning module SubversionSourceControl (338)
[2020.09.14-13.13.28:159][211]LogModuleManager: Shutting down and abandoning module RiderSourceCodeAccess (336)
[2020.09.14-13.13.28:159][211]LogModuleManager: Shutting down and abandoning module PerforceSourceControl (334)
[2020.09.14-13.13.28:167][211]LogModuleManager: Shutting down and abandoning module SourceControl (333)
[2020.09.14-13.13.28:170][211]LogModuleManager: Shutting down and abandoning module CLionSourceCodeAccess (330)
[2020.09.14-13.13.28:170][211]LogModuleManager: Shutting down and abandoning module ActorLayerUtilities (328)
[2020.09.14-13.13.28:171][211]LogModuleManager: Shutting down and abandoning module SoundFields (326)
[2020.09.14-13.13.28:171][211]LogModuleManager: Shutting down and abandoning module SignificanceManager (324)
[2020.09.14-13.13.28:171][211]LogModuleManager: Shutting down and abandoning module RuntimePhysXCooking (322)
[2020.09.14-13.13.28:171][211]LogModuleManager: Shutting down and abandoning module PhysXVehiclesEditor (320)
[2020.09.14-13.13.28:171][211]LogModuleManager: Shutting down and abandoning module LocationServicesBPLibrary (316)
[2020.09.14-13.13.28:171][211]LogModuleManager: Shutting down and abandoning module ActorSequence (314)
[2020.09.14-13.13.28:171][211]LogModuleManager: Shutting down and abandoning module UdpMessaging (312)
[2020.09.14-13.13.28:272][211]LogModuleManager: Shutting down and abandoning module TcpMessaging (310)
[2020.09.14-13.13.28:406][211]LogModuleManager: Shutting down and abandoning module MagicLeapARPin (308)
[2020.09.14-13.13.28:406][211]LogModuleManager: Shutting down and abandoning module MagicLeapHandMeshing (306)
[2020.09.14-13.13.28:406][211]LogModuleManager: Shutting down and abandoning module MagicLeapSecureStorage (304)
[2020.09.14-13.13.28:406][211]LogModuleManager: Shutting down and abandoning module MagicLeapPrivileges (302)
[2020.09.14-13.13.28:406][211]LogModuleManager: Shutting down and abandoning module MagicLeapPlanes (300)
[2020.09.14-13.13.28:411][211]LogMagicLeapPlanes: Planes tracker already destroyed.
[2020.09.14-13.13.28:411][211]LogModuleManager: Shutting down and abandoning module MagicLeapImageTracker (298)
[2020.09.14-13.13.28:411][211]LogModuleManager: Shutting down and abandoning module MagicLeapIdentity (296)
[2020.09.14-13.13.28:411][211]LogModuleManager: Shutting down and abandoning module MagicLeapHandTracking (294)
[2020.09.14-13.13.28:411][211]LogModuleManager: Shutting down and abandoning module MagicLeapEyeTracker (292)
[2020.09.14-13.13.28:411][211]LogModuleManager: Shutting down and abandoning module MagicLeapController (290)
[2020.09.14-13.13.28:424][211]LogSlate: Slate User Destroyed.  User Index 0, Is Virtual User: 0
[2020.09.14-13.13.28:424][211]LogModuleManager: Shutting down and abandoning module MagicLeapARPinImpl (288)
[2020.09.14-13.13.28:430][211]LogModuleManager: Shutting down and abandoning module MagicLeapAR (286)
[2020.09.14-13.13.28:430][211]LogModuleManager: Shutting down and abandoning module AugmentedReality (285)
[2020.09.14-13.13.28:430][211]LogModuleManager: Shutting down and abandoning module NiagaraAnimNotifies (282)
[2020.09.14-13.13.28:430][211]LogModuleManager: Shutting down and abandoning module Niagara (280)
[2020.09.14-13.13.28:462][211]LogModuleManager: Shutting down and abandoning module SignalProcessing (279)
[2020.09.14-13.13.28:462][211]LogModuleManager: Shutting down and abandoning module NiagaraEditor (277)
[2020.09.14-13.13.28:505][211]LogModuleManager: Shutting down and abandoning module NiagaraCore (274)
[2020.09.14-13.13.28:506][211]LogModuleManager: Shutting down and abandoning module GameplayTagsEditor (272)
[2020.09.14-13.13.28:506][211]LogModuleManager: Shutting down and abandoning module FacialAnimation (270)
[2020.09.14-13.13.28:506][211]LogModuleManager: Shutting down and abandoning module AssetManagerEditor (268)
[2020.09.14-13.13.28:521][211]LogModuleManager: Shutting down and abandoning module TreeMap (267)
[2020.09.14-13.13.28:530][211]LogModuleManager: Shutting down and abandoning module AnimationSharing (264)
[2020.09.14-13.13.28:530][211]LogModuleManager: Shutting down and abandoning module LightPropagationVolumeRuntime (262)
[2020.09.14-13.13.28:530][211]LogModuleManager: Shutting down and abandoning module Paper2D (260)
[2020.09.14-13.13.28:530][211]LogModuleManager: Shutting down and abandoning module WindowsMoviePlayer (258)
[2020.09.14-13.13.28:542][211]LogModuleManager: Shutting down and abandoning module WebMMoviePlayer (256)
[2020.09.14-13.13.28:555][211]LogModuleManager: Shutting down and abandoning module NetworkReplayStreaming (254)
[2020.09.14-13.13.28:555][211]LogModuleManager: Shutting down and abandoning module PacketHandler (252)
[2020.09.14-13.13.28:555][211]LogModuleManager: Shutting down and abandoning module ClothingSystemEditor (250)
[2020.09.14-13.13.28:555][211]LogModuleManager: Shutting down and abandoning module ClothingSystemRuntimeNv (248)
[2020.09.14-13.13.28:582][211]LogModuleManager: Shutting down and abandoning module MediaAssets (246)
[2020.09.14-13.13.28:582][211]LogModuleManager: Shutting down and abandoning module Overlay (244)
[2020.09.14-13.13.28:582][211]LogModuleManager: Shutting down and abandoning module OverlayEditor (243)
[2020.09.14-13.13.28:582][211]LogModuleManager: Shutting down and abandoning module VREditor (240)
[2020.09.14-13.13.28:599][211]LogModuleManager: Shutting down and abandoning module StringTableEditor (238)
[2020.09.14-13.13.28:608][211]LogModuleManager: Shutting down and abandoning module GameplayTasksEditor (236)
[2020.09.14-13.13.28:608][211]LogModuleManager: Shutting down and abandoning module BehaviorTreeEditor (234)
[2020.09.14-13.13.28:631][211]LogModuleManager: Shutting down and abandoning module FunctionalTesting (232)
[2020.09.14-13.13.28:634][211]LogModuleManager: Shutting down and abandoning module CollisionAnalyzer (230)
[2020.09.14-13.13.28:640][211]LogModuleManager: Shutting down and abandoning module UMG (228)
[2020.09.14-13.13.28:640][211]LogModuleManager: Shutting down and abandoning module UMGEditor (227)
[2020.09.14-13.13.28:640][211]LogModuleManager: Shutting down and abandoning module Sequencer (226)
[2020.09.14-13.13.28:655][211]LogModuleManager: Shutting down and abandoning module MessageLog (223)
[2020.09.14-13.13.28:655][211]LogModuleManager: Shutting down and abandoning module MaterialEditor (221)
[2020.09.14-13.13.28:666][211]LogModuleManager: Shutting down and abandoning module ContentBrowser (220)
[2020.09.14-13.13.28:695][211]LogModuleManager: Shutting down and abandoning module WorkspaceMenuStructure (219)
[2020.09.14-13.13.28:695][211]LogModuleManager: Shutting down and abandoning module CollectionManager (217)
[2020.09.14-13.13.28:752][211]LogModuleManager: Shutting down and abandoning module DirectoryWatcher (216)
[2020.09.14-13.13.28:752][211]LogModuleManager: Shutting down and abandoning module SlateReflector (208)
[2020.09.14-13.13.28:852][211]LogModuleManager: Shutting down and abandoning module Slate (206)
[2020.09.14-13.13.28:852][211]LogModuleManager: Shutting down and abandoning module SlateCore (204)
[2020.09.14-13.13.28:852][211]LogModuleManager: Shutting down and abandoning module LandscapeEditorUtilities (202)
[2020.09.14-13.13.28:852][211]LogModuleManager: Shutting down and abandoning module EditorStyle (200)
[2020.09.14-13.13.28:853][211]LogModuleManager: Shutting down and abandoning module UnrealEd (198)
[2020.09.14-13.13.28:853][211]LogModuleManager: Shutting down and abandoning module MRMesh (196)
[2020.09.14-13.13.28:853][211]LogModuleManager: Shutting down and abandoning module Messaging (194)
[2020.09.14-13.13.28:853][211]LogModuleManager: Shutting down and abandoning module SourceCodeAccess (192)
[2020.09.14-13.13.28:853][211]LogModuleManager: Shutting down and abandoning module HeadMountedDisplay (190)
[2020.09.14-13.13.28:853][211]LogModuleManager: Shutting down and abandoning module XAudio2 (188)
[2020.09.14-13.13.28:861][211]LogModuleManager: Shutting down and abandoning module Networking (186)
[2020.09.14-13.13.28:861][211]LogModuleManager: Shutting down and abandoning module Core (184)
[2020.09.14-13.13.28:861][211]LogModuleManager: Shutting down and abandoning module MovieSceneTools (182)
[2020.09.14-13.13.28:861][211]LogModuleManager: Shutting down and abandoning module KismetCompiler (180)
[2020.09.14-13.13.28:861][211]LogModuleManager: Shutting down and abandoning module MeshBuilder (178)
[2020.09.14-13.13.28:871][211]LogModuleManager: Shutting down and abandoning module MeshUtilities (176)
[2020.09.14-13.13.28:884][211]LogModuleManager: Shutting down and abandoning module MeshMergeUtilities (175)
[2020.09.14-13.13.28:895][211]LogModuleManager: Shutting down and abandoning module MeshReductionInterface (174)
[2020.09.14-13.13.28:895][211]LogModuleManager: Shutting down and abandoning module MeshBoneReduction (173)
[2020.09.14-13.13.28:909][211]LogModuleManager: Shutting down and abandoning module SkeletalMeshReduction (171)
[2020.09.14-13.13.28:936][211]LogModuleManager: Shutting down and abandoning module ProxyLODMeshReduction (169)
[2020.09.14-13.13.28:960][211]LogModuleManager: Shutting down and abandoning module QuadricMeshReduction (167)
[2020.09.14-13.13.28:997][211]LogModuleManager: Shutting down and abandoning module MaterialBaking (163)
[2020.09.14-13.13.29:005][211]LogModuleManager: Shutting down and abandoning module NullInstallBundleManager (158)
[2020.09.14-13.13.29:005][211]LogModuleManager: Shutting down and abandoning module PIEPreviewDeviceProfileSelector (156)
[2020.09.14-13.13.29:012][211]LogModuleManager: Shutting down and abandoning module DerivedDataCache (154)
[2020.09.14-13.13.29:013][211]LogModuleManager: Shutting down and abandoning module XGEController (152)
[2020.09.14-13.13.29:013][211]LogModuleManager: Shutting down and abandoning module TargetPlatform (150)
[2020.09.14-13.13.29:015][211]LogModuleManager: Shutting down and abandoning module VulkanShaderFormat (149)
[2020.09.14-13.13.29:028][211]LogModuleManager: Shutting down and abandoning module ShaderFormatVectorVM (147)
[2020.09.14-13.13.29:042][211]LogModuleManager: Shutting down and abandoning module ShaderFormatOpenGL (145)
[2020.09.14-13.13.29:056][211]LogModuleManager: Shutting down and abandoning module ShaderFormatD3D (143)
[2020.09.14-13.13.29:056][211]LogModuleManager: Shutting down and abandoning module MetalShaderFormat (141)
[2020.09.14-13.13.29:079][211]LogModuleManager: Shutting down and abandoning module TextureFormatUncompressed (139)
[2020.09.14-13.13.29:079][211]LogModuleManager: Shutting down and abandoning module TextureFormatPVR (137)
[2020.09.14-13.13.29:079][211]LogModuleManager: Shutting down and abandoning module TextureFormatDXT (135)
[2020.09.14-13.13.29:099][211]LogModuleManager: Shutting down and abandoning module TextureFormatIntelISPCTexComp (133)
[2020.09.14-13.13.29:100][211]LogModuleManager: Shutting down and abandoning module TextureFormatASTC (131)
[2020.09.14-13.13.29:100][211]LogModuleManager: Shutting down and abandoning module ImageWrapper (130)
[2020.09.14-13.13.29:101][211]LogModuleManager: Shutting down and abandoning module TextureFormatAndroid (127)
[2020.09.14-13.13.29:101][211]LogModuleManager: Shutting down and abandoning module AudioFormatOpus (125)
[2020.09.14-13.13.29:106][211]LogModuleManager: Shutting down and abandoning module AudioFormatOgg (123)
[2020.09.14-13.13.29:107][211]LogModuleManager: Shutting down and abandoning module AudioFormatADPCM (121)
[2020.09.14-13.13.29:114][211]LogModuleManager: Shutting down and abandoning module WindowsServerTargetPlatform (119)
[2020.09.14-13.13.29:114][211]LogModuleManager: Shutting down and abandoning module WindowsClientTargetPlatform (117)
[2020.09.14-13.13.29:114][211]LogModuleManager: Shutting down and abandoning module WindowsTargetPlatform (115)
[2020.09.14-13.13.29:114][211]LogModuleManager: Shutting down and abandoning module WindowsNoEditorTargetPlatform (113)
[2020.09.14-13.13.29:114][211]LogModuleManager: Shutting down and abandoning module InputCore (110)
[2020.09.14-13.13.29:114][211]LogModuleManager: Shutting down and abandoning module Settings (108)
[2020.09.14-13.13.29:115][211]LogModuleManager: Shutting down and abandoning module PhysXCooking (106)
[2020.09.14-13.13.29:115][211]LogModuleManager: Shutting down and abandoning module ChaosSolvers (104)
